<?xml version="1.0" encoding="UTF-8"?>
<!-- Generated by org.testng.reporters.JUnitReportReporter -->
<testsuite hostname="user8" failures="0" tests="4" name="TestScripts.NewArticleTest" time="6.843" errors="0" timestamp="2024-11-20T09:54:59 IST" skipped="0">
  <testcase classname="TestScripts.NewArticleTest" name="logintest" time="0.728"/>
  <testcase classname="TestScripts.NewArticleTest" name="hometest" time="2.360"/>
  <testcase classname="TestScripts.NewArticleTest" name="articletest" time="1.255"/>
  <testcase classname="TestScripts.NewArticleTest" name="editarticle" time="2.500"/>
</testsuite> <!-- TestScripts.NewArticleTest -->
